

Started GET "/assets/rails.png" for 127.0.0.1 at Tue Oct 16 18:42:10 -0700 2012
Connecting to database specified by database.yml
Served asset /rails.png - 200 OK (7ms)


Started GET "/assets/rails.png" for 127.0.0.1 at Tue Oct 16 18:49:48 -0700 2012
Served asset /rails.png - 304 Not Modified (0ms)


Started GET "/assets/rails.png" for 127.0.0.1 at Tue Oct 16 18:50:56 -0700 2012
Served asset /rails.png - 304 Not Modified (0ms)


Started GET "/" for 127.0.0.1 at Tue Oct 16 18:54:27 -0700 2012
Connecting to database specified by database.yml

ActionController::RoutingError (No route matches [GET] "/"):
  actionpack (3.2.8) lib/action_dispatch/middleware/debug_exceptions.rb:21:in `call'
  actionpack (3.2.8) lib/action_dispatch/middleware/show_exceptions.rb:56:in `call'
  railties (3.2.8) lib/rails/rack/logger.rb:26:in `call_app'
  railties (3.2.8) lib/rails/rack/logger.rb:16:in `call'
  actionpack (3.2.8) lib/action_dispatch/middleware/request_id.rb:22:in `call'
  rack (1.4.1) lib/rack/methodoverride.rb:21:in `call'
  rack (1.4.1) lib/rack/runtime.rb:17:in `call'
  activesupport (3.2.8) lib/active_support/cache/strategy/local_cache.rb:72:in `call'
  rack (1.4.1) lib/rack/lock.rb:15:in `call'
  actionpack (3.2.8) lib/action_dispatch/middleware/static.rb:62:in `call'
  railties (3.2.8) lib/rails/engine.rb:479:in `call'
  railties (3.2.8) lib/rails/application.rb:223:in `call'
  rack (1.4.1) lib/rack/content_length.rb:14:in `call'
  railties (3.2.8) lib/rails/rack/log_tailer.rb:17:in `call'
  rack (1.4.1) lib/rack/handler/webrick.rb:59:in `service'
  /home/carpus/.rvm/rubies/ree-1.8.7-2012.02/lib/ruby/1.8/webrick/httpserver.rb:104:in `service'
  /home/carpus/.rvm/rubies/ree-1.8.7-2012.02/lib/ruby/1.8/webrick/httpserver.rb:65:in `run'
  /home/carpus/.rvm/rubies/ree-1.8.7-2012.02/lib/ruby/1.8/webrick/server.rb:173:in `start_thread'
  /home/carpus/.rvm/rubies/ree-1.8.7-2012.02/lib/ruby/1.8/webrick/server.rb:162:in `start'
  /home/carpus/.rvm/rubies/ree-1.8.7-2012.02/lib/ruby/1.8/webrick/server.rb:162


  Rendered /home/carpus/.rvm/gems/ree-1.8.7-2012.02/gems/actionpack-3.2.8/lib/action_dispatch/middleware/templates/rescues/routing_error.erb within rescues/layout (1.9ms)


Started GET "/" for 127.0.0.1 at Tue Oct 16 19:00:06 -0700 2012

ActionController::RoutingError (No route matches [GET] "/"):
  actionpack (3.2.8) lib/action_dispatch/middleware/debug_exceptions.rb:21:in `call'
  actionpack (3.2.8) lib/action_dispatch/middleware/show_exceptions.rb:56:in `call'
  railties (3.2.8) lib/rails/rack/logger.rb:26:in `call_app'
  railties (3.2.8) lib/rails/rack/logger.rb:16:in `call'
  actionpack (3.2.8) lib/action_dispatch/middleware/request_id.rb:22:in `call'
  rack (1.4.1) lib/rack/methodoverride.rb:21:in `call'
  rack (1.4.1) lib/rack/runtime.rb:17:in `call'
  activesupport (3.2.8) lib/active_support/cache/strategy/local_cache.rb:72:in `call'
  rack (1.4.1) lib/rack/lock.rb:15:in `call'
  actionpack (3.2.8) lib/action_dispatch/middleware/static.rb:62:in `call'
  railties (3.2.8) lib/rails/engine.rb:479:in `call'
  railties (3.2.8) lib/rails/application.rb:223:in `call'
  rack (1.4.1) lib/rack/content_length.rb:14:in `call'
  railties (3.2.8) lib/rails/rack/log_tailer.rb:17:in `call'
  rack (1.4.1) lib/rack/handler/webrick.rb:59:in `service'
  /home/carpus/.rvm/rubies/ree-1.8.7-2012.02/lib/ruby/1.8/webrick/httpserver.rb:104:in `service'
  /home/carpus/.rvm/rubies/ree-1.8.7-2012.02/lib/ruby/1.8/webrick/httpserver.rb:65:in `run'
  /home/carpus/.rvm/rubies/ree-1.8.7-2012.02/lib/ruby/1.8/webrick/server.rb:173:in `start_thread'
  /home/carpus/.rvm/rubies/ree-1.8.7-2012.02/lib/ruby/1.8/webrick/server.rb:162:in `start'
  /home/carpus/.rvm/rubies/ree-1.8.7-2012.02/lib/ruby/1.8/webrick/server.rb:162


  Rendered /home/carpus/.rvm/gems/ree-1.8.7-2012.02/gems/actionpack-3.2.8/lib/action_dispatch/middleware/templates/rescues/routing_error.erb within rescues/layout (0.6ms)


Started GET "/" for 127.0.0.1 at Tue Oct 16 19:02:07 -0700 2012

NoMethodError (undefined method `root' for main:Object):
  config/routes.rb:59


  Rendered /home/carpus/.rvm/gems/ree-1.8.7-2012.02/gems/actionpack-3.2.8/lib/action_dispatch/middleware/templates/rescues/_trace.erb (1.4ms)
  Rendered /home/carpus/.rvm/gems/ree-1.8.7-2012.02/gems/actionpack-3.2.8/lib/action_dispatch/middleware/templates/rescues/_request_and_response.erb (2.7ms)
  Rendered /home/carpus/.rvm/gems/ree-1.8.7-2012.02/gems/actionpack-3.2.8/lib/action_dispatch/middleware/templates/rescues/diagnostics.erb within rescues/layout (12.2ms)


Started GET "/" for 127.0.0.1 at Tue Oct 16 19:02:09 -0700 2012

ActionController::RoutingError (No route matches [GET] "/"):
  actionpack (3.2.8) lib/action_dispatch/middleware/debug_exceptions.rb:21:in `call'
  actionpack (3.2.8) lib/action_dispatch/middleware/show_exceptions.rb:56:in `call'
  railties (3.2.8) lib/rails/rack/logger.rb:26:in `call_app'
  railties (3.2.8) lib/rails/rack/logger.rb:16:in `call'
  actionpack (3.2.8) lib/action_dispatch/middleware/request_id.rb:22:in `call'
  rack (1.4.1) lib/rack/methodoverride.rb:21:in `call'
  rack (1.4.1) lib/rack/runtime.rb:17:in `call'
  activesupport (3.2.8) lib/active_support/cache/strategy/local_cache.rb:72:in `call'
  rack (1.4.1) lib/rack/lock.rb:15:in `call'
  actionpack (3.2.8) lib/action_dispatch/middleware/static.rb:62:in `call'
  railties (3.2.8) lib/rails/engine.rb:479:in `call'
  railties (3.2.8) lib/rails/application.rb:223:in `call'
  rack (1.4.1) lib/rack/content_length.rb:14:in `call'
  railties (3.2.8) lib/rails/rack/log_tailer.rb:17:in `call'
  rack (1.4.1) lib/rack/handler/webrick.rb:59:in `service'
  /home/carpus/.rvm/rubies/ree-1.8.7-2012.02/lib/ruby/1.8/webrick/httpserver.rb:104:in `service'
  /home/carpus/.rvm/rubies/ree-1.8.7-2012.02/lib/ruby/1.8/webrick/httpserver.rb:65:in `run'
  /home/carpus/.rvm/rubies/ree-1.8.7-2012.02/lib/ruby/1.8/webrick/server.rb:173:in `start_thread'
  /home/carpus/.rvm/rubies/ree-1.8.7-2012.02/lib/ruby/1.8/webrick/server.rb:162:in `start'
  /home/carpus/.rvm/rubies/ree-1.8.7-2012.02/lib/ruby/1.8/webrick/server.rb:162


  Rendered /home/carpus/.rvm/gems/ree-1.8.7-2012.02/gems/actionpack-3.2.8/lib/action_dispatch/middleware/templates/rescues/routing_error.erb within rescues/layout (0.6ms)


Started GET "/" for 127.0.0.1 at Tue Oct 16 19:02:10 -0700 2012

ActionController::RoutingError (No route matches [GET] "/"):
  actionpack (3.2.8) lib/action_dispatch/middleware/debug_exceptions.rb:21:in `call'
  actionpack (3.2.8) lib/action_dispatch/middleware/show_exceptions.rb:56:in `call'
  railties (3.2.8) lib/rails/rack/logger.rb:26:in `call_app'
  railties (3.2.8) lib/rails/rack/logger.rb:16:in `call'
  actionpack (3.2.8) lib/action_dispatch/middleware/request_id.rb:22:in `call'
  rack (1.4.1) lib/rack/methodoverride.rb:21:in `call'
  rack (1.4.1) lib/rack/runtime.rb:17:in `call'
  activesupport (3.2.8) lib/active_support/cache/strategy/local_cache.rb:72:in `call'
  rack (1.4.1) lib/rack/lock.rb:15:in `call'
  actionpack (3.2.8) lib/action_dispatch/middleware/static.rb:62:in `call'
  railties (3.2.8) lib/rails/engine.rb:479:in `call'
  railties (3.2.8) lib/rails/application.rb:223:in `call'
  rack (1.4.1) lib/rack/content_length.rb:14:in `call'
  railties (3.2.8) lib/rails/rack/log_tailer.rb:17:in `call'
  rack (1.4.1) lib/rack/handler/webrick.rb:59:in `service'
  /home/carpus/.rvm/rubies/ree-1.8.7-2012.02/lib/ruby/1.8/webrick/httpserver.rb:104:in `service'
  /home/carpus/.rvm/rubies/ree-1.8.7-2012.02/lib/ruby/1.8/webrick/httpserver.rb:65:in `run'
  /home/carpus/.rvm/rubies/ree-1.8.7-2012.02/lib/ruby/1.8/webrick/server.rb:173:in `start_thread'
  /home/carpus/.rvm/rubies/ree-1.8.7-2012.02/lib/ruby/1.8/webrick/server.rb:162:in `start'
  /home/carpus/.rvm/rubies/ree-1.8.7-2012.02/lib/ruby/1.8/webrick/server.rb:162


  Rendered /home/carpus/.rvm/gems/ree-1.8.7-2012.02/gems/actionpack-3.2.8/lib/action_dispatch/middleware/templates/rescues/routing_error.erb within rescues/layout (0.6ms)


Started GET "/" for 127.0.0.1 at Tue Oct 16 19:08:11 -0700 2012
Connecting to database specified by database.yml

ActionController::RoutingError (uninitialized constant AppplicationController):
  app/controllers/pages_controller.rb:4


  Rendered /home/carpus/.rvm/gems/ree-1.8.7-2012.02/gems/actionpack-3.2.8/lib/action_dispatch/middleware/templates/rescues/routing_error.erb within rescues/layout (1.9ms)


Started GET "/" for 127.0.0.1 at Tue Oct 16 19:08:13 -0700 2012
Processing by PagesController#welcome as HTML
  Rendered pages/welcome.html.erb within layouts/application (0.4ms)
Compiled pages.css  (8ms)  (pid 4754)
Compiled application.css  (25ms)  (pid 4754)
Compiled jquery.js  (7ms)  (pid 4754)
Compiled jquery_ujs.js  (1ms)  (pid 4754)
Compiled pages.js  (843ms)  (pid 4754)
Compiled application.js  (907ms)  (pid 4754)
Completed 200 OK in 1177ms (Views: 1175.9ms | ActiveRecord: 0.0ms)


Started GET "/assets/application.css?body=1" for 127.0.0.1 at Tue Oct 16 19:08:14 -0700 2012
Served asset /application.css - 200 OK (9ms)


Started GET "/assets/pages.css?body=1" for 127.0.0.1 at Tue Oct 16 19:08:14 -0700 2012
Served asset /pages.css - 200 OK (2ms)


Started GET "/assets/jquery.js?body=1" for 127.0.0.1 at Tue Oct 16 19:08:14 -0700 2012
Served asset /jquery.js - 200 OK (5ms)


Started GET "/assets/jquery_ujs.js?body=1" for 127.0.0.1 at Tue Oct 16 19:08:14 -0700 2012
Served asset /jquery_ujs.js - 200 OK (3ms)


Started GET "/assets/pages.js?body=1" for 127.0.0.1 at Tue Oct 16 19:08:14 -0700 2012
Served asset /pages.js - 200 OK (3ms)


Started GET "/assets/application.js?body=1" for 127.0.0.1 at Tue Oct 16 19:08:14 -0700 2012
Served asset /application.js - 200 OK (14ms)


Started GET "/" for 127.0.0.1 at Tue Oct 16 19:08:16 -0700 2012
Processing by PagesController#welcome as HTML
  Rendered pages/welcome.html.erb within layouts/application (0.1ms)
Completed 200 OK in 7ms (Views: 6.4ms | ActiveRecord: 0.0ms)


Started GET "/assets/jquery.js?body=1" for 127.0.0.1 at Tue Oct 16 19:08:16 -0700 2012
Served asset /jquery.js - 304 Not Modified (0ms)
Connecting to database specified by database.yml
Connecting to database specified by database.yml
Connecting to database specified by database.yml
  [1m[36m (0.2ms)[0m  [1mselect sqlite_version(*)[0m
  [1m[35m (192.2ms)[0m  CREATE TABLE "schema_migrations" ("version" varchar(255) NOT NULL) 
  [1m[36m (0.1ms)[0m  [1mPRAGMA index_list("schema_migrations")[0m
  [1m[35m (198.8ms)[0m  CREATE UNIQUE INDEX "unique_schema_migrations" ON "schema_migrations" ("version")
  [1m[36m (0.1ms)[0m  [1mSELECT "schema_migrations"."version" FROM "schema_migrations" [0m
Migrating to CreateBorads (20121017021028)
  [1m[35m (0.1ms)[0m  begin transaction
  [1m[36m (0.5ms)[0m  [1mCREATE TABLE "borads" ("id" INTEGER PRIMARY KEY AUTOINCREMENT NOT NULL, "name" varchar(255), "created_at" datetime NOT NULL, "updated_at" datetime NOT NULL) [0m
  [1m[35m (0.1ms)[0m  INSERT INTO "schema_migrations" ("version") VALUES ('20121017021028')
  [1m[36m (195.1ms)[0m  [1mcommit transaction[0m
Migrating to CreatePosts (20121017021134)
  [1m[35m (0.1ms)[0m  begin transaction
  [1m[36m (0.4ms)[0m  [1mCREATE TABLE "posts" ("id" INTEGER PRIMARY KEY AUTOINCREMENT NOT NULL, "title" varchar(255), "content" text, "created_at" datetime NOT NULL, "updated_at" datetime NOT NULL) [0m
  [1m[35m (0.1ms)[0m  INSERT INTO "schema_migrations" ("version") VALUES ('20121017021134')
  [1m[36m (163.5ms)[0m  [1mcommit transaction[0m
  [1m[35m (0.1ms)[0m  select sqlite_version(*)
  [1m[36m (0.1ms)[0m  [1mSELECT "schema_migrations"."version" FROM "schema_migrations" [0m
  [1m[35m (0.0ms)[0m  PRAGMA index_list("borads")
  [1m[36m (0.0ms)[0m  [1mPRAGMA index_list("posts")[0m


Started GET "/board" for 127.0.0.1 at Tue Oct 16 19:12:13 -0700 2012

ActionController::RoutingError (No route matches [GET] "/board"):
  actionpack (3.2.8) lib/action_dispatch/middleware/debug_exceptions.rb:21:in `call'
  actionpack (3.2.8) lib/action_dispatch/middleware/show_exceptions.rb:56:in `call'
  railties (3.2.8) lib/rails/rack/logger.rb:26:in `call_app'
  railties (3.2.8) lib/rails/rack/logger.rb:16:in `call'
  actionpack (3.2.8) lib/action_dispatch/middleware/request_id.rb:22:in `call'
  rack (1.4.1) lib/rack/methodoverride.rb:21:in `call'
  rack (1.4.1) lib/rack/runtime.rb:17:in `call'
  activesupport (3.2.8) lib/active_support/cache/strategy/local_cache.rb:72:in `call'
  rack (1.4.1) lib/rack/lock.rb:15:in `call'
  actionpack (3.2.8) lib/action_dispatch/middleware/static.rb:62:in `call'
  railties (3.2.8) lib/rails/engine.rb:479:in `call'
  railties (3.2.8) lib/rails/application.rb:223:in `call'
  rack (1.4.1) lib/rack/content_length.rb:14:in `call'
  railties (3.2.8) lib/rails/rack/log_tailer.rb:17:in `call'
  rack (1.4.1) lib/rack/handler/webrick.rb:59:in `service'
  /home/carpus/.rvm/rubies/ree-1.8.7-2012.02/lib/ruby/1.8/webrick/httpserver.rb:104:in `service'
  /home/carpus/.rvm/rubies/ree-1.8.7-2012.02/lib/ruby/1.8/webrick/httpserver.rb:65:in `run'
  /home/carpus/.rvm/rubies/ree-1.8.7-2012.02/lib/ruby/1.8/webrick/server.rb:173:in `start_thread'
  /home/carpus/.rvm/rubies/ree-1.8.7-2012.02/lib/ruby/1.8/webrick/server.rb:162:in `start'
  /home/carpus/.rvm/rubies/ree-1.8.7-2012.02/lib/ruby/1.8/webrick/server.rb:162


  Rendered /home/carpus/.rvm/gems/ree-1.8.7-2012.02/gems/actionpack-3.2.8/lib/action_dispatch/middleware/templates/rescues/routing_error.erb within rescues/layout (0.6ms)


Started GET "/boards" for 127.0.0.1 at Tue Oct 16 19:12:30 -0700 2012

ActionController::RoutingError (No route matches [GET] "/boards"):
  actionpack (3.2.8) lib/action_dispatch/middleware/debug_exceptions.rb:21:in `call'
  actionpack (3.2.8) lib/action_dispatch/middleware/show_exceptions.rb:56:in `call'
  railties (3.2.8) lib/rails/rack/logger.rb:26:in `call_app'
  railties (3.2.8) lib/rails/rack/logger.rb:16:in `call'
  actionpack (3.2.8) lib/action_dispatch/middleware/request_id.rb:22:in `call'
  rack (1.4.1) lib/rack/methodoverride.rb:21:in `call'
  rack (1.4.1) lib/rack/runtime.rb:17:in `call'
  activesupport (3.2.8) lib/active_support/cache/strategy/local_cache.rb:72:in `call'
  rack (1.4.1) lib/rack/lock.rb:15:in `call'
  actionpack (3.2.8) lib/action_dispatch/middleware/static.rb:62:in `call'
  railties (3.2.8) lib/rails/engine.rb:479:in `call'
  railties (3.2.8) lib/rails/application.rb:223:in `call'
  rack (1.4.1) lib/rack/content_length.rb:14:in `call'
  railties (3.2.8) lib/rails/rack/log_tailer.rb:17:in `call'
  rack (1.4.1) lib/rack/handler/webrick.rb:59:in `service'
  /home/carpus/.rvm/rubies/ree-1.8.7-2012.02/lib/ruby/1.8/webrick/httpserver.rb:104:in `service'
  /home/carpus/.rvm/rubies/ree-1.8.7-2012.02/lib/ruby/1.8/webrick/httpserver.rb:65:in `run'
  /home/carpus/.rvm/rubies/ree-1.8.7-2012.02/lib/ruby/1.8/webrick/server.rb:173:in `start_thread'
  /home/carpus/.rvm/rubies/ree-1.8.7-2012.02/lib/ruby/1.8/webrick/server.rb:162:in `start'
  /home/carpus/.rvm/rubies/ree-1.8.7-2012.02/lib/ruby/1.8/webrick/server.rb:162


  Rendered /home/carpus/.rvm/gems/ree-1.8.7-2012.02/gems/actionpack-3.2.8/lib/action_dispatch/middleware/templates/rescues/routing_error.erb within rescues/layout (0.6ms)


Started GET "/borads" for 127.0.0.1 at Tue Oct 16 19:12:45 -0700 2012
Processing by BoradsController#index as HTML
  [1m[36mBorad Load (0.2ms)[0m  [1mSELECT "borads".* FROM "borads" [0m
  Rendered borads/index.html.erb within layouts/application (1.4ms)
Compiled borads.css  (2ms)  (pid 4754)
Compiled posts.css  (2ms)  (pid 4754)
Compiled scaffolds.css  (27ms)  (pid 4754)
Compiled application.css  (66ms)  (pid 4754)
Compiled borads.js  (187ms)  (pid 4754)
Compiled posts.js  (183ms)  (pid 4754)
Compiled application.js  (395ms)  (pid 4754)
Completed 200 OK in 738ms (Views: 717.6ms | ActiveRecord: 2.4ms)


Started GET "/assets/application.css?body=1" for 127.0.0.1 at Tue Oct 16 19:12:46 -0700 2012
Served asset /application.css - 304 Not Modified (17ms)


Started GET "/assets/borads.css?body=1" for 127.0.0.1 at Tue Oct 16 19:12:46 -0700 2012
Served asset /borads.css - 200 OK (3ms)


Started GET "/assets/posts.css?body=1" for 127.0.0.1 at Tue Oct 16 19:12:46 -0700 2012
Served asset /posts.css - 200 OK (3ms)


Started GET "/assets/pages.css?body=1" for 127.0.0.1 at Tue Oct 16 19:12:46 -0700 2012
Served asset /pages.css - 304 Not Modified (0ms)


Started GET "/assets/scaffolds.css?body=1" for 127.0.0.1 at Tue Oct 16 19:12:46 -0700 2012
Served asset /scaffolds.css - 200 OK (3ms)


Started GET "/assets/jquery.js?body=1" for 127.0.0.1 at Tue Oct 16 19:12:46 -0700 2012
Served asset /jquery.js - 304 Not Modified (0ms)


Started GET "/assets/borads.js?body=1" for 127.0.0.1 at Tue Oct 16 19:12:46 -0700 2012
Served asset /borads.js - 200 OK (2ms)


Started GET "/assets/posts.js?body=1" for 127.0.0.1 at Tue Oct 16 19:12:46 -0700 2012
Served asset /posts.js - 200 OK (2ms)


Started GET "/assets/application.js?body=1" for 127.0.0.1 at Tue Oct 16 19:12:46 -0700 2012
Served asset /application.js - 304 Not Modified (17ms)


Started GET "/assets/pages.js?body=1" for 127.0.0.1 at Tue Oct 16 19:12:46 -0700 2012
Served asset /pages.js - 304 Not Modified (0ms)


Started GET "/borads/new" for 127.0.0.1 at Tue Oct 16 19:12:49 -0700 2012
Processing by BoradsController#new as HTML
  Rendered borads/_form.html.erb (7.5ms)
  Rendered borads/new.html.erb within layouts/application (12.0ms)
Completed 200 OK in 27ms (Views: 20.9ms | ActiveRecord: 0.0ms)


Started GET "/assets/application.css?body=1" for 127.0.0.1 at Tue Oct 16 19:12:49 -0700 2012
Served asset /application.css - 304 Not Modified (0ms)


Started GET "/assets/pages.css?body=1" for 127.0.0.1 at Tue Oct 16 19:12:49 -0700 2012
Served asset /pages.css - 304 Not Modified (0ms)


Started GET "/assets/jquery.js?body=1" for 127.0.0.1 at Tue Oct 16 19:12:49 -0700 2012
Served asset /jquery.js - 304 Not Modified (0ms)


Started GET "/assets/pages.js?body=1" for 127.0.0.1 at Tue Oct 16 19:12:49 -0700 2012
Served asset /pages.js - 304 Not Modified (0ms)


Started GET "/assets/application.js?body=1" for 127.0.0.1 at Tue Oct 16 19:12:49 -0700 2012
Served asset /application.js - 304 Not Modified (0ms)


Started POST "/borads" for 127.0.0.1 at Tue Oct 16 19:12:54 -0700 2012
Processing by BoradsController#create as HTML
  Parameters: {"authenticity_token"=>"qJm9VZGIqA06AW407n9ZukkCiyAlXUEue3YIO4Zu0U0=", "borad"=>{"name"=>"nihao`"}, "utf8"=>"✓", "commit"=>"Create Borad"}
  [1m[35m (0.1ms)[0m  begin transaction
  [1m[36mSQL (4.2ms)[0m  [1mINSERT INTO "borads" ("created_at", "name", "updated_at") VALUES (?, ?, ?)[0m  [["created_at", Wed, 17 Oct 2012 02:12:54 UTC +00:00], ["name", "nihao`"], ["updated_at", Wed, 17 Oct 2012 02:12:54 UTC +00:00]]
  [1m[35m (195.1ms)[0m  commit transaction
Redirected to http://localhost:3000/borads/1
Completed 302 Found in 207ms (ActiveRecord: 199.4ms)


Started GET "/borads/1" for 127.0.0.1 at Tue Oct 16 19:12:54 -0700 2012
Processing by BoradsController#show as HTML
  Parameters: {"id"=>"1"}
  [1m[36mBorad Load (0.4ms)[0m  [1mSELECT "borads".* FROM "borads" WHERE "borads"."id" = ? LIMIT 1[0m  [["id", "1"]]
  Rendered borads/show.html.erb within layouts/application (2.0ms)
Completed 200 OK in 15ms (Views: 11.3ms | ActiveRecord: 0.4ms)


Started GET "/assets/application.css?body=1" for 127.0.0.1 at Tue Oct 16 19:12:54 -0700 2012
Served asset /application.css - 304 Not Modified (0ms)


Started GET "/assets/pages.css?body=1" for 127.0.0.1 at Tue Oct 16 19:12:54 -0700 2012
Served asset /pages.css - 304 Not Modified (0ms)


Started GET "/assets/posts.css?body=1" for 127.0.0.1 at Tue Oct 16 19:12:54 -0700 2012
Served asset /posts.css - 304 Not Modified (0ms)


Started GET "/assets/jquery.js?body=1" for 127.0.0.1 at Tue Oct 16 19:12:54 -0700 2012
Served asset /jquery.js - 304 Not Modified (0ms)


Started GET "/assets/pages.js?body=1" for 127.0.0.1 at Tue Oct 16 19:12:54 -0700 2012
Served asset /pages.js - 304 Not Modified (0ms)


Started GET "/assets/posts.js?body=1" for 127.0.0.1 at Tue Oct 16 19:12:54 -0700 2012
Served asset /posts.js - 304 Not Modified (0ms)


Started GET "/assets/application.js?body=1" for 127.0.0.1 at Tue Oct 16 19:12:54 -0700 2012
Served asset /application.js - 304 Not Modified (0ms)


Started GET "/borads" for 127.0.0.1 at Tue Oct 16 19:12:57 -0700 2012
Processing by BoradsController#index as HTML
  [1m[35mBorad Load (0.3ms)[0m  SELECT "borads".* FROM "borads" 
  Rendered borads/index.html.erb within layouts/application (1.9ms)
Completed 200 OK in 12ms (Views: 10.1ms | ActiveRecord: 0.3ms)


Started GET "/assets/application.css?body=1" for 127.0.0.1 at Tue Oct 16 19:12:57 -0700 2012
Served asset /application.css - 304 Not Modified (0ms)


Started GET "/assets/pages.css?body=1" for 127.0.0.1 at Tue Oct 16 19:12:57 -0700 2012
Served asset /pages.css - 304 Not Modified (0ms)


Started GET "/assets/posts.css?body=1" for 127.0.0.1 at Tue Oct 16 19:12:57 -0700 2012
Served asset /posts.css - 304 Not Modified (0ms)


Started GET "/assets/jquery.js?body=1" for 127.0.0.1 at Tue Oct 16 19:12:57 -0700 2012
Served asset /jquery.js - 304 Not Modified (0ms)


Started GET "/assets/pages.js?body=1" for 127.0.0.1 at Tue Oct 16 19:12:57 -0700 2012
Served asset /pages.js - 304 Not Modified (0ms)


Started GET "/assets/application.js?body=1" for 127.0.0.1 at Tue Oct 16 19:12:57 -0700 2012
Served asset /application.js - 304 Not Modified (0ms)


Started GET "/assets/posts.js?body=1" for 127.0.0.1 at Tue Oct 16 19:12:57 -0700 2012
Served asset /posts.js - 304 Not Modified (0ms)


Started GET "/borads/new" for 127.0.0.1 at Tue Oct 16 19:13:18 -0700 2012
Processing by BoradsController#new as HTML
  Rendered borads/_form.html.erb (2.0ms)
  Rendered borads/new.html.erb within layouts/application (3.2ms)
Completed 200 OK in 14ms (Views: 13.2ms | ActiveRecord: 0.0ms)


Started GET "/assets/application.css?body=1" for 127.0.0.1 at Tue Oct 16 19:13:19 -0700 2012
Served asset /application.css - 304 Not Modified (0ms)


Started GET "/assets/borads.css?body=1" for 127.0.0.1 at Tue Oct 16 19:13:19 -0700 2012
Served asset /borads.css - 304 Not Modified (0ms)


Started GET "/assets/pages.css?body=1" for 127.0.0.1 at Tue Oct 16 19:13:19 -0700 2012
Served asset /pages.css - 304 Not Modified (0ms)


Started GET "/assets/posts.css?body=1" for 127.0.0.1 at Tue Oct 16 19:13:19 -0700 2012
Served asset /posts.css - 304 Not Modified (0ms)


Started GET "/assets/jquery.js?body=1" for 127.0.0.1 at Tue Oct 16 19:13:19 -0700 2012
Served asset /jquery.js - 304 Not Modified (0ms)


Started GET "/assets/scaffolds.css?body=1" for 127.0.0.1 at Tue Oct 16 19:13:19 -0700 2012
Served asset /scaffolds.css - 304 Not Modified (0ms)


Started GET "/assets/borads.js?body=1" for 127.0.0.1 at Tue Oct 16 19:13:19 -0700 2012
Served asset /borads.js - 304 Not Modified (0ms)


Started GET "/assets/jquery_ujs.js?body=1" for 127.0.0.1 at Tue Oct 16 19:13:19 -0700 2012
Served asset /jquery_ujs.js - 304 Not Modified (0ms)


Started GET "/assets/pages.js?body=1" for 127.0.0.1 at Tue Oct 16 19:13:19 -0700 2012
Served asset /pages.js - 304 Not Modified (0ms)


Started GET "/assets/posts.js?body=1" for 127.0.0.1 at Tue Oct 16 19:13:19 -0700 2012
Served asset /posts.js - 304 Not Modified (0ms)


Started GET "/assets/application.js?body=1" for 127.0.0.1 at Tue Oct 16 19:13:19 -0700 2012
Served asset /application.js - 304 Not Modified (0ms)


Started GET "/posts/new" for 127.0.0.1 at Tue Oct 16 19:13:29 -0700 2012
Processing by PostsController#new as HTML
  Rendered posts/_form.html.erb (5.1ms)
  Rendered posts/new.html.erb within layouts/application (7.0ms)
Completed 200 OK in 26ms (Views: 17.7ms | ActiveRecord: 0.5ms)


Started GET "/assets/application.css?body=1" for 127.0.0.1 at Tue Oct 16 19:13:29 -0700 2012
Served asset /application.css - 304 Not Modified (0ms)


Started GET "/assets/borads.css?body=1" for 127.0.0.1 at Tue Oct 16 19:13:29 -0700 2012
Served asset /borads.css - 304 Not Modified (0ms)


Started GET "/assets/pages.css?body=1" for 127.0.0.1 at Tue Oct 16 19:13:29 -0700 2012
Served asset /pages.css - 304 Not Modified (0ms)


Started GET "/assets/posts.css?body=1" for 127.0.0.1 at Tue Oct 16 19:13:29 -0700 2012
Served asset /posts.css - 304 Not Modified (0ms)


Started GET "/assets/scaffolds.css?body=1" for 127.0.0.1 at Tue Oct 16 19:13:29 -0700 2012
Served asset /scaffolds.css - 304 Not Modified (0ms)


Started GET "/assets/jquery.js?body=1" for 127.0.0.1 at Tue Oct 16 19:13:29 -0700 2012
Served asset /jquery.js - 304 Not Modified (0ms)


Started GET "/assets/borads.js?body=1" for 127.0.0.1 at Tue Oct 16 19:13:29 -0700 2012
Served asset /borads.js - 304 Not Modified (0ms)


Started GET "/assets/jquery_ujs.js?body=1" for 127.0.0.1 at Tue Oct 16 19:13:29 -0700 2012
Served asset /jquery_ujs.js - 304 Not Modified (0ms)


Started GET "/assets/pages.js?body=1" for 127.0.0.1 at Tue Oct 16 19:13:29 -0700 2012
Served asset /pages.js - 304 Not Modified (0ms)


Started GET "/assets/posts.js?body=1" for 127.0.0.1 at Tue Oct 16 19:13:29 -0700 2012
Served asset /posts.js - 304 Not Modified (0ms)


Started GET "/assets/application.js?body=1" for 127.0.0.1 at Tue Oct 16 19:13:29 -0700 2012
Served asset /application.js - 304 Not Modified (0ms)


Started POST "/posts" for 127.0.0.1 at Tue Oct 16 19:13:37 -0700 2012
Processing by PostsController#create as HTML
  Parameters: {"post"=>{"title"=>"bugai", "content"=>"buf"}, "authenticity_token"=>"qJm9VZGIqA06AW407n9ZukkCiyAlXUEue3YIO4Zu0U0=", "utf8"=>"✓", "commit"=>"Create Post"}
  [1m[36m (0.1ms)[0m  [1mbegin transaction[0m
  [1m[35mSQL (0.5ms)[0m  INSERT INTO "posts" ("content", "created_at", "title", "updated_at") VALUES (?, ?, ?, ?)  [["content", "buf"], ["created_at", Wed, 17 Oct 2012 02:13:37 UTC +00:00], ["title", "bugai"], ["updated_at", Wed, 17 Oct 2012 02:13:37 UTC +00:00]]
  [1m[36m (172.0ms)[0m  [1mcommit transaction[0m
Redirected to http://localhost:3000/posts/1
Completed 302 Found in 181ms (ActiveRecord: 172.6ms)


Started GET "/posts/1" for 127.0.0.1 at Tue Oct 16 19:13:37 -0700 2012
Processing by PostsController#show as HTML
  Parameters: {"id"=>"1"}
  [1m[35mPost Load (0.4ms)[0m  SELECT "posts".* FROM "posts" WHERE "posts"."id" = ? LIMIT 1  [["id", "1"]]
  Rendered posts/show.html.erb within layouts/application (1.5ms)
Completed 200 OK in 14ms (Views: 10.5ms | ActiveRecord: 0.4ms)


Started GET "/assets/application.css?body=1" for 127.0.0.1 at Tue Oct 16 19:13:37 -0700 2012
Served asset /application.css - 304 Not Modified (0ms)


Started GET "/assets/borads.css?body=1" for 127.0.0.1 at Tue Oct 16 19:13:37 -0700 2012
Served asset /borads.css - 304 Not Modified (0ms)


Started GET "/assets/pages.css?body=1" for 127.0.0.1 at Tue Oct 16 19:13:37 -0700 2012
Served asset /pages.css - 304 Not Modified (0ms)


Started GET "/assets/posts.css?body=1" for 127.0.0.1 at Tue Oct 16 19:13:37 -0700 2012
Served asset /posts.css - 304 Not Modified (0ms)


Started GET "/assets/scaffolds.css?body=1" for 127.0.0.1 at Tue Oct 16 19:13:37 -0700 2012
Served asset /scaffolds.css - 304 Not Modified (0ms)


Started GET "/assets/jquery_ujs.js?body=1" for 127.0.0.1 at Tue Oct 16 19:13:37 -0700 2012
Served asset /jquery_ujs.js - 304 Not Modified (0ms)


Started GET "/assets/jquery.js?body=1" for 127.0.0.1 at Tue Oct 16 19:13:37 -0700 2012
Served asset /jquery.js - 304 Not Modified (0ms)


Started GET "/assets/borads.js?body=1" for 127.0.0.1 at Tue Oct 16 19:13:37 -0700 2012
Served asset /borads.js - 304 Not Modified (0ms)


Started GET "/assets/pages.js?body=1" for 127.0.0.1 at Tue Oct 16 19:13:37 -0700 2012
Served asset /pages.js - 304 Not Modified (0ms)


Started GET "/assets/posts.js?body=1" for 127.0.0.1 at Tue Oct 16 19:13:37 -0700 2012
Served asset /posts.js - 304 Not Modified (0ms)


Started GET "/assets/application.js?body=1" for 127.0.0.1 at Tue Oct 16 19:13:37 -0700 2012
Served asset /application.js - 304 Not Modified (0ms)


Started GET "/posts" for 127.0.0.1 at Tue Oct 16 19:13:40 -0700 2012
Processing by PostsController#index as HTML
  [1m[36mPost Load (0.3ms)[0m  [1mSELECT "posts".* FROM "posts" [0m
  Rendered posts/index.html.erb within layouts/application (2.8ms)
Completed 200 OK in 13ms (Views: 10.7ms | ActiveRecord: 0.3ms)


Started GET "/assets/application.css?body=1" for 127.0.0.1 at Tue Oct 16 19:13:40 -0700 2012
Served asset /application.css - 304 Not Modified (0ms)


Started GET "/assets/borads.css?body=1" for 127.0.0.1 at Tue Oct 16 19:13:40 -0700 2012
Served asset /borads.css - 304 Not Modified (0ms)


Started GET "/assets/pages.css?body=1" for 127.0.0.1 at Tue Oct 16 19:13:40 -0700 2012
Served asset /pages.css - 304 Not Modified (0ms)


Started GET "/assets/posts.css?body=1" for 127.0.0.1 at Tue Oct 16 19:13:40 -0700 2012
Served asset /posts.css - 304 Not Modified (0ms)


Started GET "/assets/scaffolds.css?body=1" for 127.0.0.1 at Tue Oct 16 19:13:40 -0700 2012
Served asset /scaffolds.css - 304 Not Modified (0ms)


Started GET "/assets/jquery.js?body=1" for 127.0.0.1 at Tue Oct 16 19:13:41 -0700 2012
Served asset /jquery.js - 304 Not Modified (0ms)


Started GET "/assets/jquery_ujs.js?body=1" for 127.0.0.1 at Tue Oct 16 19:13:41 -0700 2012
Served asset /jquery_ujs.js - 304 Not Modified (0ms)


Started GET "/assets/borads.js?body=1" for 127.0.0.1 at Tue Oct 16 19:13:41 -0700 2012
Served asset /borads.js - 304 Not Modified (0ms)


Started GET "/assets/pages.js?body=1" for 127.0.0.1 at Tue Oct 16 19:13:41 -0700 2012
Served asset /pages.js - 304 Not Modified (0ms)


Started GET "/assets/posts.js?body=1" for 127.0.0.1 at Tue Oct 16 19:13:41 -0700 2012
Served asset /posts.js - 304 Not Modified (0ms)


Started GET "/assets/application.js?body=1" for 127.0.0.1 at Tue Oct 16 19:13:41 -0700 2012
Served asset /application.js - 304 Not Modified (4ms)
Connecting to database specified by database.yml
Connecting to database specified by database.yml
Connecting to database specified by database.yml
